<?xml version="1.0" encoding="UTF-8"?>
<testng-results ignored="0" total="1" passed="1" failed="0" skipped="0">
  <reporter-output>
  </reporter-output>
  <suite started-at="2019-08-10T17:36:52Z" name="Suite" finished-at="2019-08-10T17:37:22Z" duration-ms="29616">
    <groups>
    </groups>
    <test started-at="2019-08-10T17:36:52Z" name="Test" finished-at="2019-08-10T17:37:22Z" duration-ms="29616">
      <class name="test.TestFlightBooking">
        <test-method is-config="true" signature="launchBrowser()[pri:0, instance:test.TestFlightBooking@7a8c8dcf]" started-at="2019-08-10T23:06:52Z" name="launchBrowser" finished-at="2019-08-10T23:07:03Z" duration-ms="11068" status="PASS">
          <reporter-output>
          </reporter-output>
        </test-method> <!-- launchBrowser -->
        <test-method signature="FlightBooking()[pri:0, instance:test.TestFlightBooking@7a8c8dcf]" started-at="2019-08-10T23:07:03Z" name="FlightBooking" finished-at="2019-08-10T23:07:21Z" duration-ms="18253" status="PASS">
          <reporter-output>
          </reporter-output>
        </test-method> <!-- FlightBooking -->
        <test-method is-config="true" signature="terminateBrowser()[pri:0, instance:test.TestFlightBooking@7a8c8dcf]" started-at="2019-08-10T23:07:21Z" name="terminateBrowser" finished-at="2019-08-10T23:07:22Z" duration-ms="269" status="PASS">
          <reporter-output>
          </reporter-output>
        </test-method> <!-- terminateBrowser -->
      </class> <!-- test.TestFlightBooking -->
    </test> <!-- Test -->
  </suite> <!-- Suite -->
</testng-results>
